d:\documentos\programación ii\tf\diskroom\diskroom alpha v0.1\diskroom\debug\vc141.pdb
d:\documentos\programación ii\tf\diskroom\diskroom alpha v0.1\diskroom\debug\.netframework,version=v4.5.assemblyattributes.obj
d:\documentos\programación ii\tf\diskroom\diskroom alpha v0.1\diskroom\debug\.netframework,version=v4.5.assemblyattributes.asm
d:\documentos\programación ii\tf\diskroom\diskroom alpha v0.1\diskroom\debug\diskroomwindow.obj
d:\documentos\programación ii\tf\diskroom\diskroom alpha v0.1\diskroom\debug\diskroom.diskroomwindow.resources
d:\documentos\programación ii\tf\diskroom\diskroom alpha v0.1\diskroom\debug\diskroom.exe
d:\documentos\programación ii\tf\diskroom\diskroom alpha v0.1\diskroom\debug\diskroom.pdb
d:\documentos\programación ii\tf\diskroom\diskroom alpha v0.1\diskroom\debug\diskroom.vcxproj.generateresource.cache
d:\documentos\programación ii\tf\diskroom\diskroom alpha v0.1\diskroom\debug\diskroom.vcxprojresolveassemblyreference.cache
d:\documentos\programación ii\tf\diskroom\diskroom alpha v0.1\diskroom\debug\diskroom.exe.metagen
d:\documentos\programación ii\tf\diskroom\diskroom alpha v0.1\diskroom\debug\diskroom.tlog\cl.command.1.tlog
d:\documentos\programación ii\tf\diskroom\diskroom alpha v0.1\diskroom\debug\diskroom.tlog\cl.read.1.tlog
d:\documentos\programación ii\tf\diskroom\diskroom alpha v0.1\diskroom\debug\diskroom.tlog\cl.write.1.tlog
d:\documentos\programación ii\tf\diskroom\diskroom alpha v0.1\diskroom\debug\diskroom.tlog\diskroom.write.1u.tlog
d:\documentos\programación ii\tf\diskroom\diskroom alpha v0.1\diskroom\debug\diskroom.tlog\link.command.1.tlog
d:\documentos\programación ii\tf\diskroom\diskroom alpha v0.1\diskroom\debug\diskroom.tlog\link.read.1.tlog
d:\documentos\programación ii\tf\diskroom\diskroom alpha v0.1\diskroom\debug\diskroom.tlog\link.write.1.tlog
d:\documentos\programación ii\tf\diskroom\diskroom alpha v0.1\diskroom\debug\diskroom.tlog\metagen.read.1.tlog
d:\documentos\programación ii\tf\diskroom\diskroom alpha v0.1\diskroom\debug\diskroom.tlog\metagen.write.1.tlog
d:\documentos\programación ii\tf\diskroom\diskroom alpha v0.1\diskroom\debug\diskroom.tlog\tzres.dll.bi
